<?xml version="1.0" encoding="UTF-8"?>
<testng-results ignored="0" total="1" passed="1" failed="0" skipped="0">
  <reporter-output>
  </reporter-output>
  <suite started-at="2023-12-08T14:25:55 IST" name="Default suite" finished-at="2023-12-08T14:27:10 IST" duration-ms="75168">
    <groups>
    </groups>
    <test started-at="2023-12-08T14:25:55 IST" name="Default test" finished-at="2023-12-08T14:27:10 IST" duration-ms="75168">
      <class name="com.trueGlobal.testcase.TC_iphone_01">
        <test-method is-config="true" signature="setup()[pri:0, instance:com.trueGlobal.testcase.TC_iphone_01@4d5d943d]" started-at="2023-12-08T14:25:55 IST" name="setup" finished-at="2023-12-08T14:25:58 IST" duration-ms="3496" status="PASS">
          <reporter-output>
          </reporter-output>
        </test-method> <!-- setup -->
        <test-method signature="Test1()[pri:0, instance:com.trueGlobal.testcase.TC_iphone_01@4d5d943d]" started-at="2023-12-08T14:25:58 IST" name="Test1" finished-at="2023-12-08T14:27:09 IST" duration-ms="70597" status="PASS">
          <reporter-output>
          </reporter-output>
        </test-method> <!-- Test1 -->
        <test-method is-config="true" signature="teardown()[pri:0, instance:com.trueGlobal.testcase.TC_iphone_01@4d5d943d]" started-at="2023-12-08T14:27:09 IST" name="teardown" finished-at="2023-12-08T14:27:10 IST" duration-ms="971" status="PASS">
          <reporter-output>
          </reporter-output>
        </test-method> <!-- teardown -->
      </class> <!-- com.trueGlobal.testcase.TC_iphone_01 -->
    </test> <!-- Default test -->
  </suite> <!-- Default suite -->
</testng-results>
